<?xml version="1.0" encoding="UTF-8"?>
<!-- Generated by org.testng.reporters.JUnitXMLReporter -->
<testsuite hostname="DESKTOP-NM05SVP" name="Default test" tests="4" failures="0" timestamp="25 Mar 2018 07:40:16 GMT" time="126.751" errors="0">
  <testcase name="createPortFolioTest" time="0.018" classname="com.qtpselenium.rediff.hybrid.testcases.portfoliosuite.PortFolioTest">
    <skipped/>
  </testcase> <!-- createPortFolioTest -->
  <testcase name="createPortFolioTest" time="0.002" classname="com.qtpselenium.rediff.hybrid.testcases.portfoliosuite.PortFolioTest">
    <skipped/>
  </testcase> <!-- createPortFolioTest -->
  <testcase name="deletePortFolioTest" time="63.226" classname="com.qtpselenium.rediff.hybrid.testcases.portfoliosuite.PortFolioTest"/>
  <testcase name="deletePortFolioTest" time="61.926" classname="com.qtpselenium.rediff.hybrid.testcases.portfoliosuite.PortFolioTest"/>
</testsuite> <!-- Default test -->
