<?xml version="1.0" encoding="UTF-8"?>
<!-- Generated by org.testng.reporters.JUnitXMLReporter -->
<testsuite hostname="DESKTOP-NM05SVP" name="Login Test" tests="3" failures="0" timestamp="11 Mar 2018 09:36:11 GMT" time="1.819" errors="0">
  <testcase name="loginTest" time="0.028" classname="com.qtpselenium.hybrid.suitea.LoginTest">
    <skipped/>
  </testcase> <!-- loginTest -->
  <testcase name="loginTest" time="0.001" classname="com.qtpselenium.hybrid.suitea.LoginTest">
    <skipped/>
  </testcase> <!-- loginTest -->
  <testcase name="loginTest" time="0.001" classname="com.qtpselenium.hybrid.suitea.LoginTest">
    <skipped/>
  </testcase> <!-- loginTest -->
</testsuite> <!-- Login Test -->
