<?xml version="1.0" encoding="UTF-8"?>
<!-- Generated by org.testng.reporters.JUnitXMLReporter -->
<testsuite hostname="DESKTOP-NM05SVP" name="Test B" tests="2" failures="0" timestamp="11 Mar 2018 09:36:12 GMT" time="0.267" errors="0">
  <testcase name="testB" time="0.002" classname="com.qtpselenium.hybrid.suitea.TestB">
    <skipped/>
  </testcase> <!-- testB -->
  <testcase name="testB" time="0.003" classname="com.qtpselenium.hybrid.suitea.TestB">
    <skipped/>
  </testcase> <!-- testB -->
</testsuite> <!-- Test B -->
