<?xml version="1.0" encoding="UTF-8"?>
<!-- Generated by org.testng.reporters.JUnitXMLReporter -->
<testsuite hostname="DESKTOP-NM05SVP" name="Default test" tests="2" failures="0" timestamp="22 Mar 2018 14:04:15 GMT" time="1.461" errors="0">
  <testcase name="createPortFolioTest" time="0.002" classname="com.qtpselenium.rediff.hybrid.testcases.portfoliosuite.PortFolioTest">
    <skipped/>
  </testcase> <!-- createPortFolioTest -->
  <testcase name="deletePortFolioTest" time="0.002" classname="com.qtpselenium.rediff.hybrid.testcases.portfoliosuite.PortFolioTest"/>
</testsuite> <!-- Default test -->
