<?xml version="1.0" encoding="UTF-8" ?>
<testsuite tests="3" failures="1" name="TestSuite" time="60.395" errors="0" skipped="2">
  <properties>
[...]
</properties>
  <testcase classname="com.qtpselenium.hybrid.suitea.LoginTest" name="loginTest" time="60.392">
    <failure type="java.lang.reflect.InvocationTargetException">java.lang.reflect.InvocationTargetException
	at sun.reflect.NativeMethodAccessorImpl.invoke0(Native Method)
	at sun.reflect.NativeMethodAccessorImpl.invoke(NativeMethodAccessorImpl.java:62)
	at sun.reflect.DelegatingMethodAccessorImpl.invoke(DelegatingMethodAccessorImpl.java:43)
	at java.lang.reflect.Method.invoke(Method.java:483)
	at com.qtpselenium.hybrid.driver.DriverScript.executeKeywords(DriverScript.java:46)
	at com.qtpselenium.hybrid.suitea.LoginTest.loginTest(LoginTest.java:33)
Caused by: java.lang.AssertionError: The following asserts failed:
	Titles did not match. Got title as Zoho - Cloud Software Suite and SaaS Applications for Businesses	Titles did not match. Got title as Zoho - Cloud Software Suite and SaaS Applications for Businesses, 
	Element not found signinLink_xpath	Element not found signinLink_xpath
	at org.testng.asserts.SoftAssert.assertAll(SoftAssert.java:48)
	at com.qtpselenium.hybrid.keywords.GenericKeywords.reportFailure(GenericKeywords.java:199)
	at com.qtpselenium.hybrid.keywords.GenericKeywords.validateElementPresent(GenericKeywords.java:132)
	... 26 more
</failure>
    <system-out>*** LoginTest
D:\Common\Temp\Hybrid Jan18\SuiteA.xlsx
Inside data Provider
Row Number of test is 1
Total Cols - 5
Total Rows 3
{Username=U1, ExpectedResult=LoginSuccess, Password=P1, Runmode=Y, Browser=Mozilla}
----------------
{Username=itsthaku.r@gmail.com, ExpectedResult=LoginSuccess, Password=Ashish@123, Runmode=N, Browser=Chrome}
----------------
{Username=U3, ExpectedResult=LoginSuccess, Password=P3, Runmode=N, Browser=Edge}
----------------
D:\Whizdom-Trainings\Online Training Workspace\report\Tue_Feb_20_21_51_40_IST_2018.html
Running Login Test
Rows 13
</system-out>
    <system-err>log4j:WARN No appenders could be found for logger (org.apache.http.client.protocol.RequestAddCookies).
log4j:WARN Please initialize the log4j system properly.
Feb 20, 2018 9:52:01 PM org.openqa.selenium.remote.ProtocolHandshake createSession
INFO: Detected dialect: W3C
</system-err>
  </testcase>
  <testcase classname="com.qtpselenium.hybrid.suitea.LoginTest" name="loginTest" time="0.002">
    <skipped/>
  </testcase>
  <testcase classname="com.qtpselenium.hybrid.suitea.LoginTest" name="loginTest" time="0.001">
    <skipped/>
  </testcase>
</testsuite>