<?xml version="1.0" encoding="UTF-8"?>
<testng-results skipped="0" failed="0" total="1" passed="1">
  <reporter-output>
  </reporter-output>
  <suite name="Default suite" duration-ms="20401" started-at="2017-12-15T03:37:39Z" finished-at="2017-12-15T03:38:00Z">
    <groups>
    </groups>
    <test name="Default test" duration-ms="20401" started-at="2017-12-15T03:37:39Z" finished-at="2017-12-15T03:38:00Z">
      <class name="BasicDrivers">
        <test-method status="PASS" signature="launchSite()[pri:0, instance:BasicDrivers@de0a01f]" name="launchSite" duration-ms="20380" started-at="2017-12-15T09:07:39Z" finished-at="2017-12-15T09:08:00Z">
          <reporter-output>
          </reporter-output>
        </test-method> <!-- launchSite -->
      </class> <!-- BasicDrivers -->
    </test> <!-- Default test -->
  </suite> <!-- Default suite -->
</testng-results>
